<?xml version="1.0" encoding="UTF-8"?>
<!-- Generated by org.testng.reporters.JUnitReportReporter -->
<testsuite hostname="HP-PCTDFHGJ" failures="0" tests="1" name="synchronization_in_selenium.FluentWaitsDemo" time="27.905" errors="0" timestamp="2021-11-21T09:50:47 IST" skipped="0">
  <testcase classname="synchronization_in_selenium.FluentWaitsDemo" name="fluentWaits" time="27.905"/>
  <system-out/>
</testsuite> <!-- synchronization_in_selenium.FluentWaitsDemo -->
