<?xml version="1.0" encoding="UTF-8"?>
<!-- Generated by org.testng.reporters.JUnitReportReporter -->
<testsuite hostname="HP-PCTDFHGJ" failures="0" tests="4" name="testNGFramework.TestNFTestDefaultExecutionOrder" time="0.006" errors="0" timestamp="2021-10-30T10:31:15 IST" skipped="0">
  <testcase classname="testNGFramework.TestNFTestDefaultExecutionOrder" name="updateAccoutTest" time="0.001"/>
  <system-out/>
  <testcase classname="testNGFramework.TestNFTestDefaultExecutionOrder" name="createAccoutTest" time="0.001"/>
  <system-out/>
  <testcase classname="testNGFramework.TestNFTestDefaultExecutionOrder" name="logoutTest" time="0.002"/>
  <system-out/>
  <testcase classname="testNGFramework.TestNFTestDefaultExecutionOrder" name="loginTest" time="0.002"/>
  <system-out/>
</testsuite> <!-- testNGFramework.TestNFTestDefaultExecutionOrder -->
