<?xml version="1.0" encoding="UTF-8"?>
<!-- Generated by org.testng.reporters.JUnitReportReporter -->
<testsuite hostname="HP-PCTDFHGJ" failures="0" tests="3" name="testNGFramework.DisabledTestInTestNG" time="0.010" errors="0" timestamp="2021-10-30T11:01:22 IST" skipped="1">
  <testcase classname="testNGFramework.DisabledTestInTestNG" name="test1" time="0.008"/>
  <system-out/>
  <testcase classname="testNGFramework.DisabledTestInTestNG" name="test3" time="0.002"/>
  <system-out/>
  <testcase classname="testNGFramework.DisabledTestInTestNG" name="test2">
    <skipped/>
  </testcase> <!-- test2 -->
  <system-out/>
</testsuite> <!-- testNGFramework.DisabledTestInTestNG -->
