<?xml version="1.0" encoding="UTF-8"?>
<!-- Generated by org.testng.reporters.JUnitReportReporter -->
<testsuite hostname="HP-PCTDFHGJ" failures="0" tests="2" name="testNGFramework.TestNgAnnotations" time="0.002" errors="0" timestamp="2021-10-30T10:31:15 IST" skipped="0">
  <testcase classname="testNGFramework.TestNgAnnotations" name="test1" time="0.001"/>
  <system-out/>
  <testcase classname="testNGFramework.TestNgAnnotations" name="test2" time="0.001"/>
  <system-out/>
</testsuite> <!-- testNGFramework.TestNgAnnotations -->
