<?xml version="1.0" encoding="UTF-8"?>
<!-- Generated by org.testng.reporters.JUnitReportReporter -->
<testsuite hostname="HP-PCTDFHGJ" failures="0" tests="4" name="testNGFramework.DDTestINTestNG" time="0.011" errors="0" timestamp="2021-10-31T10:27:53 IST" skipped="0">
  <testcase classname="testNGFramework.DDTestINTestNG" name="createTest" time="0.001"/>
  <system-out/>
  <testcase classname="testNGFramework.DDTestINTestNG" name="getData" time="0.003"/>
  <system-out/>
  <testcase classname="testNGFramework.DDTestINTestNG" name="getData" time="0.001"/>
  <system-out/>
  <testcase classname="testNGFramework.DDTestINTestNG" name="createTest" time="0.006"/>
  <system-out/>
</testsuite> <!-- testNGFramework.DDTestINTestNG -->
