<?xml version="1.0" encoding="UTF-8"?>
<!-- Generated by org.testng.reporters.JUnitReportReporter -->
<testsuite hostname="HP-PCTDFHGJ" failures="0" tests="3" name="testNGFramework.DependsOnTestInTestNG" time="0.010" errors="0" timestamp="2021-10-30T10:31:15 IST" skipped="0">
  <testcase classname="testNGFramework.DependsOnTestInTestNG" name="loginTest" time="0.007"/>
  <system-out/>
  <testcase classname="testNGFramework.DependsOnTestInTestNG" name="logoutTest" time="0.002"/>
  <system-out/>
  <testcase classname="testNGFramework.DependsOnTestInTestNG" name="createAccoutTest" time="0.001"/>
  <system-out/>
</testsuite> <!-- testNGFramework.DependsOnTestInTestNG -->
