<?xml version="1.0" encoding="UTF-8"?>
<!-- Generated by org.testng.reporters.JUnitReportReporter -->
<testsuite hostname="HP-PCTDFHGJ" failures="0" tests="1" name="testNGFramework.ParameterTestINTestNG" time="0.009" errors="0" timestamp="2021-10-31T10:06:41 IST" skipped="0">
  <testcase classname="testNGFramework.ParameterTestINTestNG" name="loginTest" time="0.009"/>
  <system-out/>
</testsuite> <!-- testNGFramework.ParameterTestINTestNG -->
