<?xml version="1.0" encoding="UTF-8"?>
<!-- Generated by org.testng.reporters.JUnitReportReporter -->
<testsuite hostname="HP-PCTDFHGJ" failures="0" tests="1" name="synchronization_in_selenium.ExplicitlyWaits" time="22.020" errors="0" timestamp="2021-11-20T10:38:48 IST" skipped="0">
  <testcase classname="synchronization_in_selenium.ExplicitlyWaits" name="waitsInSelenium" time="22.020"/>
  <system-out/>
</testsuite> <!-- synchronization_in_selenium.ExplicitlyWaits -->
