<?xml version="1.0" encoding="UTF-8"?>
<!-- Generated by org.testng.reporters.JUnitReportReporter -->
<testsuite hostname="HP-PCTDFHGJ" failures="0" tests="1" name="testNGFramework.GroupsInTestNGTest" time="0.010" errors="0" timestamp="2021-10-30T10:51:36 IST" skipped="0">
  <testcase classname="testNGFramework.GroupsInTestNGTest" name="loginTest" time="0.010"/>
  <system-out/>
</testsuite> <!-- testNGFramework.GroupsInTestNGTest -->
