<?xml version="1.0" encoding="UTF-8"?>
<!-- Generated by org.testng.reporters.JUnitReportReporter -->
<testsuite hostname="HP-PCTDFHGJ" failures="0" tests="1" name="synchronization_in_selenium.ImplicitlyWaits_In_Selenium" time="13.507" errors="0" timestamp="2021-11-20T10:12:51 IST" skipped="0">
  <testcase classname="synchronization_in_selenium.ImplicitlyWaits_In_Selenium" name="waitsInSelenium" time="13.507"/>
  <system-out/>
</testsuite> <!-- synchronization_in_selenium.ImplicitlyWaits_In_Selenium -->
