<?xml version="1.0" encoding="UTF-8"?>
<!-- Generated by org.testng.reporters.JUnitReportReporter -->
<testsuite hostname="HP-PCTDFHGJ" failures="0" tests="1" name="testNGFramework.DemoTest" time="0.009" errors="0" timestamp="2021-10-30T10:38:08 IST" skipped="0">
  <testcase classname="testNGFramework.DemoTest" name="test" time="0.009"/>
  <system-out/>
</testsuite> <!-- testNGFramework.DemoTest -->
