<?xml version="1.0" encoding="UTF-8"?>
<!-- Generated by org.testng.reporters.JUnitReportReporter -->
<testsuite hostname="HP-PCTDFHGJ" failures="0" tests="2" name="excelAutomation.DataDrivenTest" time="0.011" errors="0" timestamp="2021-11-14T09:53:58 IST" skipped="0">
  <testcase classname="excelAutomation.DataDrivenTest" name="getData" time="0.002"/>
  <system-out/>
  <testcase classname="excelAutomation.DataDrivenTest" name="getData" time="0.009"/>
  <system-out/>
</testsuite> <!-- excelAutomation.DataDrivenTest -->
