<?xml version="1.0" encoding="UTF-8"?>
<!-- Generated by org.testng.reporters.JUnitReportReporter -->
<testsuite hostname="HP-PCTDFHGJ" failures="0" tests="4" name="testNGFramework.PriotiseTestInTestNG" time="0.008" errors="0" timestamp="2021-10-30T10:31:15 IST" skipped="0">
  <testcase classname="testNGFramework.PriotiseTestInTestNG" name="loginTest" time="0.002"/>
  <system-out/>
  <testcase classname="testNGFramework.PriotiseTestInTestNG" name="createAccoutTest" time="0.002"/>
  <system-out/>
  <testcase classname="testNGFramework.PriotiseTestInTestNG" name="updateAccoutTest" time="0.002"/>
  <system-out/>
  <testcase classname="testNGFramework.PriotiseTestInTestNG" name="logoutTest" time="0.002"/>
  <system-out/>
</testsuite> <!-- testNGFramework.PriotiseTestInTestNG -->
