<?xml version="1.0" encoding="UTF-8"?>
<!-- Generated by org.testng.reporters.JUnitReportReporter -->
<testsuite hostname="HP-PCTDFHGJ" failures="0" tests="1" name="synchronization_in_selenium.Waits_In_Selenium" time="48.671" errors="0" timestamp="2021-11-20T09:52:11 IST" skipped="0">
  <testcase classname="synchronization_in_selenium.Waits_In_Selenium" name="waitsInSelenium" time="48.671"/>
  <system-out/>
</testsuite> <!-- synchronization_in_selenium.Waits_In_Selenium -->
