<?xml version="1.0" encoding="UTF-8"?>
<!-- Generated by org.testng.reporters.JUnitReportReporter -->
<testsuite hostname="HP-PCTDFHGJ" failures="0" tests="2" name="testNGFramework.ExecuteFailedTestINTestNG" time="0.010" errors="0" timestamp="2021-10-31T09:51:35 IST" skipped="0">
  <testcase classname="testNGFramework.ExecuteFailedTestINTestNG" name="test4" time="0.001"/>
  <system-out/>
  <testcase classname="testNGFramework.ExecuteFailedTestINTestNG" name="test2" time="0.009"/>
  <system-out/>
</testsuite> <!-- testNGFramework.ExecuteFailedTestINTestNG -->
